{"E:\\FullStackProject\\CRM APP\\CRM-BE\\src\\config\\email_config.ts": {"path":"E:\\FullStackProject\\CRM APP\\CRM-BE\\src\\config\\email_config.ts","statementMap":{"0":{"start":{"line":1,"column":0},"end":{"line":1,"column":36}},"1":{"start":{"line":2,"column":0},"end":{"line":2,"column":37}},"2":{"start":{"line":3,"column":36},"end":{"line":3,"column":42}},"3":{"start":{"line":5,"column":19},"end":{"line":11,"column":2}},"4":{"start":{"line":13,"column":0},"end":{"line":13,"column":26}}},"fnMap":{},"branchMap":{},"s":{"0":1,"1":1,"2":1,"3":1,"4":1},"f":{},"b":{}}
,"E:\\FullStackProject\\CRM APP\\CRM-BE\\src\\config\\server_config.ts": {"path":"E:\\FullStackProject\\CRM APP\\CRM-BE\\src\\config\\server_config.ts","statementMap":{"0":{"start":{"line":1,"column":0},"end":{"line":1,"column":28}},"1":{"start":{"line":3,"column":0},"end":{"line":3,"column":16}},"2":{"start":{"line":5,"column":0},"end":{"line":13,"column":2}}},"fnMap":{},"branchMap":{"0":{"loc":{"start":{"line":6,"column":8},"end":{"line":6,"column":32}},"type":"binary-expr","locations":[{"start":{"line":6,"column":8},"end":{"line":6,"column":24}},{"start":{"line":6,"column":28},"end":{"line":6,"column":32}}]},"1":{"loc":{"start":{"line":7,"column":8},"end":{"line":7,"column":62}},"type":"cond-expr","locations":[{"start":{"line":7,"column":40},"end":{"line":7,"column":42}},{"start":{"line":7,"column":45},"end":{"line":7,"column":62}}]},"2":{"loc":{"start":{"line":9,"column":4},"end":{"line":9,"column":74}},"type":"cond-expr","locations":[{"start":{"line":9,"column":42},"end":{"line":9,"column":49}},{"start":{"line":9,"column":52},"end":{"line":9,"column":74}}]},"3":{"loc":{"start":{"line":11,"column":14},"end":{"line":11,"column":42}},"type":"binary-expr","locations":[{"start":{"line":11,"column":14},"end":{"line":11,"column":36}},{"start":{"line":11,"column":40},"end":{"line":11,"column":42}}]},"4":{"loc":{"start":{"line":12,"column":15},"end":{"line":12,"column":44}},"type":"binary-expr","locations":[{"start":{"line":12,"column":15},"end":{"line":12,"column":38}},{"start":{"line":12,"column":42},"end":{"line":12,"column":44}}]}},"s":{"0":2,"1":2,"2":2},"f":{},"b":{"0":[2,0],"1":[0,2],"2":[0,2],"3":[2,0],"4":[2,0]}}
,"E:\\FullStackProject\\CRM APP\\CRM-BE\\src\\dtos\\createUser_DTO.ts": {"path":"E:\\FullStackProject\\CRM APP\\CRM-BE\\src\\dtos\\createUser_DTO.ts","statementMap":{"0":{"start":{"line":1,"column":0},"end":{"line":1,"column":72}},"1":{"start":{"line":19,"column":4},"end":{"line":19,"column":23}},"2":{"start":{"line":20,"column":4},"end":{"line":20,"column":21}},"3":{"start":{"line":21,"column":4},"end":{"line":21,"column":29}},"4":{"start":{"line":7,"column":2},"end":{"line":7,"column":null}},"5":{"start":{"line":11,"column":2},"end":{"line":11,"column":null}},"6":{"start":{"line":16,"column":2},"end":{"line":16,"column":null}},"7":{"start":{"line":25,"column":0},"end":{"line":25,"column":29}}},"fnMap":{"0":{"name":"(anonymous_1)","decl":{"start":{"line":18,"column":2},"end":{"line":18,"column":14}},"loc":{"start":{"line":18,"column":59},"end":{"line":22,"column":3}}}},"branchMap":{},"s":{"0":1,"1":1,"2":1,"3":1,"4":1,"5":1,"6":1,"7":1},"f":{"0":1},"b":{}}
,"E:\\FullStackProject\\CRM APP\\CRM-BE\\src\\dtos\\signinUser_DTO.ts": {"path":"E:\\FullStackProject\\CRM APP\\CRM-BE\\src\\dtos\\signinUser_DTO.ts","statementMap":{"0":{"start":{"line":1,"column":0},"end":{"line":1,"column":72}},"1":{"start":{"line":15,"column":4},"end":{"line":15,"column":23}},"2":{"start":{"line":16,"column":4},"end":{"line":16,"column":29}},"3":{"start":{"line":7,"column":2},"end":{"line":7,"column":null}},"4":{"start":{"line":12,"column":2},"end":{"line":12,"column":null}},"5":{"start":{"line":20,"column":0},"end":{"line":20,"column":29}}},"fnMap":{"0":{"name":"(anonymous_1)","decl":{"start":{"line":14,"column":2},"end":{"line":14,"column":14}},"loc":{"start":{"line":14,"column":45},"end":{"line":17,"column":3}}}},"branchMap":{},"s":{"0":1,"1":3,"2":3,"3":1,"4":1,"5":1},"f":{"0":3},"b":{}}
,"E:\\FullStackProject\\CRM APP\\CRM-BE\\src\\errors\\genericError.ts": {"path":"E:\\FullStackProject\\CRM APP\\CRM-BE\\src\\errors\\genericError.ts","statementMap":{"0":{"start":{"line":12,"column":4},"end":{"line":12,"column":24}},"1":{"start":{"line":13,"column":4},"end":{"line":13,"column":33}},"2":{"start":{"line":14,"column":4},"end":{"line":14,"column":25}},"3":{"start":{"line":15,"column":4},"end":{"line":15,"column":21}},"4":{"start":{"line":16,"column":4},"end":{"line":16,"column":37}},"5":{"start":{"line":1,"column":0},"end":{"line":1,"column":21}}},"fnMap":{"0":{"name":"(anonymous_0)","decl":{"start":{"line":6,"column":2},"end":{"line":6,"column":null}},"loc":{"start":{"line":10,"column":16},"end":{"line":17,"column":3}}}},"branchMap":{},"s":{"0":8,"1":8,"2":8,"3":8,"4":8,"5":2},"f":{"0":8},"b":{}}
,"E:\\FullStackProject\\CRM APP\\CRM-BE\\src\\errors\\notFound.ts": {"path":"E:\\FullStackProject\\CRM APP\\CRM-BE\\src\\errors\\notFound.ts","statementMap":{"0":{"start":{"line":1,"column":0},"end":{"line":1,"column":63}},"1":{"start":{"line":2,"column":0},"end":{"line":2,"column":42}},"2":{"start":{"line":6,"column":33},"end":{"line":6,"column":119}},"3":{"start":{"line":7,"column":4},"end":{"line":12,"column":6}},"4":{"start":{"line":4,"column":0},"end":{"line":4,"column":21}}},"fnMap":{"0":{"name":"(anonymous_1)","decl":{"start":{"line":5,"column":2},"end":{"line":5,"column":14}},"loc":{"start":{"line":5,"column":72},"end":{"line":13,"column":3}}}},"branchMap":{},"s":{"0":2,"1":2,"2":5,"3":5,"4":2},"f":{"0":5},"b":{}}
,"E:\\FullStackProject\\CRM APP\\CRM-BE\\src\\errors\\unauthorisedError.ts": {"path":"E:\\FullStackProject\\CRM APP\\CRM-BE\\src\\errors\\unauthorisedError.ts","statementMap":{"0":{"start":{"line":1,"column":0},"end":{"line":1,"column":63}},"1":{"start":{"line":2,"column":0},"end":{"line":2,"column":42}},"2":{"start":{"line":6,"column":33},"end":{"line":8,"column":80}},"3":{"start":{"line":9,"column":4},"end":{"line":14,"column":6}},"4":{"start":{"line":4,"column":0},"end":{"line":4,"column":21}}},"fnMap":{"0":{"name":"(anonymous_1)","decl":{"start":{"line":5,"column":2},"end":{"line":5,"column":14}},"loc":{"start":{"line":5,"column":30},"end":{"line":15,"column":3}}}},"branchMap":{"0":{"loc":{"start":{"line":6,"column":33},"end":{"line":8,"column":80}},"type":"cond-expr","locations":[{"start":{"line":7,"column":8},"end":{"line":7,"column":15}},{"start":{"line":8,"column":8},"end":{"line":8,"column":80}}]}},"s":{"0":2,"1":2,"2":3,"3":3,"4":2},"f":{"0":3},"b":{"0":[0,3]}}
,"E:\\FullStackProject\\CRM APP\\CRM-BE\\src\\mailers\\ticket_mailer.ts": {"path":"E:\\FullStackProject\\CRM APP\\CRM-BE\\src\\mailers\\ticket_mailer.ts","statementMap":{"0":{"start":{"line":1,"column":0},"end":{"line":1,"column":48}},"1":{"start":{"line":2,"column":0},"end":{"line":2,"column":45}},"2":{"start":{"line":12,"column":2},"end":{"line":12,"column":50}},"3":{"start":{"line":13,"column":2},"end":{"line":13,"column":32}},"4":{"start":{"line":14,"column":2},"end":{"line":71,"column":3}},"5":{"start":{"line":16,"column":24},"end":{"line":16,"column":26}},"6":{"start":{"line":17,"column":4},"end":{"line":23,"column":5}},"7":{"start":{"line":18,"column":6},"end":{"line":18,"column":63}},"8":{"start":{"line":19,"column":11},"end":{"line":23,"column":5}},"9":{"start":{"line":20,"column":6},"end":{"line":20,"column":64}},"10":{"start":{"line":22,"column":6},"end":{"line":22,"column":62}},"11":{"start":{"line":25,"column":21},"end":{"line":62,"column":6}},"12":{"start":{"line":64,"column":4},"end":{"line":66,"column":5}},"13":{"start":{"line":65,"column":6},"end":{"line":65,"column":28}},"14":{"start":{"line":68,"column":4},"end":{"line":70,"column":5}},"15":{"start":{"line":69,"column":6},"end":{"line":69,"column":25}},"16":{"start":{"line":4,"column":0},"end":{"line":4,"column":30}}},"fnMap":{},"branchMap":{"0":{"loc":{"start":{"line":17,"column":4},"end":{"line":23,"column":5}},"type":"if","locations":[{"start":{"line":17,"column":4},"end":{"line":23,"column":5}},{"start":{"line":19,"column":11},"end":{"line":23,"column":5}}]},"1":{"loc":{"start":{"line":19,"column":11},"end":{"line":23,"column":5}},"type":"if","locations":[{"start":{"line":19,"column":11},"end":{"line":23,"column":5}},{"start":{"line":21,"column":11},"end":{"line":23,"column":5}}]},"2":{"loc":{"start":{"line":29,"column":8},"end":{"line":29,"column":null}},"type":"cond-expr","locations":[{"start":{"line":29,"column":19},"end":{"line":29,"column":27}},{"start":{"line":29,"column":30},"end":{"line":29,"column":null}}]},"3":{"loc":{"start":{"line":31,"column":53},"end":{"line":31,"column":147}},"type":"cond-expr","locations":[{"start":{"line":31,"column":77},"end":{"line":31,"column":87}},{"start":{"line":31,"column":90},"end":{"line":31,"column":147}}]},"4":{"loc":{"start":{"line":31,"column":90},"end":{"line":31,"column":147}},"type":"cond-expr","locations":[{"start":{"line":31,"column":115},"end":{"line":31,"column":126}},{"start":{"line":31,"column":129},"end":{"line":31,"column":147}}]},"5":{"loc":{"start":{"line":40,"column":27},"end":{"line":40,"column":55}},"type":"cond-expr","locations":[{"start":{"line":40,"column":38},"end":{"line":40,"column":46}},{"start":{"line":40,"column":49},"end":{"line":40,"column":55}}]},"6":{"loc":{"start":{"line":64,"column":4},"end":{"line":66,"column":5}},"type":"if","locations":[{"start":{"line":64,"column":4},"end":{"line":66,"column":5}}]},"7":{"loc":{"start":{"line":68,"column":4},"end":{"line":70,"column":5}},"type":"if","locations":[{"start":{"line":68,"column":4},"end":{"line":70,"column":5}}]}},"s":{"0":1,"1":1,"2":2,"3":2,"4":2,"5":2,"6":2,"7":1,"8":1,"9":0,"10":1,"11":2,"12":1,"13":0,"14":0,"15":0,"16":1},"f":{},"b":{"0":[1,1],"1":[0,1],"2":[2,0],"3":[1,1],"4":[0,1],"5":[2,0],"6":[0],"7":[0]}}
,"E:\\FullStackProject\\CRM APP\\CRM-BE\\src\\repositories\\ticket_repository.ts": {"path":"E:\\FullStackProject\\CRM APP\\CRM-BE\\src\\repositories\\ticket_repository.ts","statementMap":{"0":{"start":{"line":1,"column":0},"end":{"line":1,"column":62}},"1":{"start":{"line":5,"column":15},"end":{"line":5,"column":33}},"2":{"start":{"line":9,"column":21},"end":{"line":13,"column":6}},"3":{"start":{"line":14,"column":4},"end":{"line":14,"column":20}},"4":{"start":{"line":18,"column":36},"end":{"line":22,"column":6}},"5":{"start":{"line":23,"column":4},"end":{"line":23,"column":20}},"6":{"start":{"line":27,"column":31},"end":{"line":27,"column":61}},"7":{"start":{"line":28,"column":4},"end":{"line":28,"column":20}},"8":{"start":{"line":32,"column":36},"end":{"line":36,"column":6}},"9":{"start":{"line":37,"column":4},"end":{"line":37,"column":20}},"10":{"start":{"line":45,"column":14},"end":{"line":45,"column":42}},"11":{"start":{"line":46,"column":4},"end":{"line":48,"column":5}},"12":{"start":{"line":47,"column":6},"end":{"line":47,"column":63}},"13":{"start":{"line":49,"column":29},"end":{"line":54,"column":6}},"14":{"start":{"line":55,"column":4},"end":{"line":55,"column":20}},"15":{"start":{"line":59,"column":4},"end":{"line":71,"column":5}},"16":{"start":{"line":60,"column":22},"end":{"line":66,"column":8}},"17":{"start":{"line":67,"column":6},"end":{"line":67,"column":21}},"18":{"start":{"line":69,"column":6},"end":{"line":69,"column":54}},"19":{"start":{"line":70,"column":6},"end":{"line":70,"column":18}},"20":{"start":{"line":75,"column":0},"end":{"line":75,"column":32}}},"fnMap":{"0":{"name":"(anonymous_7)","decl":{"start":{"line":8,"column":8},"end":{"line":8,"column":20}},"loc":{"start":{"line":8,"column":51},"end":{"line":15,"column":null}}},"1":{"name":"(anonymous_9)","decl":{"start":{"line":17,"column":8},"end":{"line":17,"column":17}},"loc":{"start":{"line":17,"column":28},"end":{"line":24,"column":null}}},"2":{"name":"(anonymous_11)","decl":{"start":{"line":26,"column":8},"end":{"line":26,"column":21}},"loc":{"start":{"line":26,"column":21},"end":{"line":29,"column":null}}},"3":{"name":"(anonymous_13)","decl":{"start":{"line":31,"column":8},"end":{"line":31,"column":20}},"loc":{"start":{"line":31,"column":31},"end":{"line":38,"column":null}}},"4":{"name":"(anonymous_15)","decl":{"start":{"line":40,"column":8},"end":{"line":40,"column":20}},"loc":{"start":{"line":42,"column":34},"end":{"line":56,"column":null}}},"5":{"name":"(anonymous_17)","decl":{"start":{"line":58,"column":8},"end":{"line":58,"column":21}},"loc":{"start":{"line":58,"column":41},"end":{"line":72,"column":null}}}},"branchMap":{"0":{"loc":{"start":{"line":46,"column":4},"end":{"line":48,"column":5}},"type":"if","locations":[{"start":{"line":46,"column":4},"end":{"line":48,"column":5}}]},"1":{"loc":{"start":{"line":46,"column":8},"end":{"line":46,"column":54}},"type":"binary-expr","locations":[{"start":{"line":46,"column":8},"end":{"line":46,"column":19}},{"start":{"line":46,"column":23},"end":{"line":46,"column":54}}]}},"s":{"0":1,"1":1,"2":0,"3":0,"4":0,"5":0,"6":0,"7":0,"8":0,"9":0,"10":0,"11":0,"12":0,"13":0,"14":0,"15":0,"16":0,"17":0,"18":0,"19":0,"20":1},"f":{"0":0,"1":0,"2":0,"3":0,"4":0,"5":0},"b":{"0":[0],"1":[0,0]}}
,"E:\\FullStackProject\\CRM APP\\CRM-BE\\src\\repositories\\user_repository.ts": {"path":"E:\\FullStackProject\\CRM APP\\CRM-BE\\src\\repositories\\user_repository.ts","statementMap":{"0":{"start":{"line":1,"column":0},"end":{"line":1,"column":60}},"1":{"start":{"line":5,"column":15},"end":{"line":5,"column":33}},"2":{"start":{"line":9,"column":27},"end":{"line":18,"column":6}},"3":{"start":{"line":19,"column":4},"end":{"line":19,"column":20}},"4":{"start":{"line":23,"column":34},"end":{"line":27,"column":6}},"5":{"start":{"line":28,"column":4},"end":{"line":28,"column":26}},"6":{"start":{"line":29,"column":4},"end":{"line":29,"column":20}},"7":{"start":{"line":33,"column":34},"end":{"line":37,"column":6}},"8":{"start":{"line":39,"column":4},"end":{"line":39,"column":20}},"9":{"start":{"line":43,"column":34},"end":{"line":47,"column":6}},"10":{"start":{"line":48,"column":4},"end":{"line":48,"column":20}},"11":{"start":{"line":52,"column":29},"end":{"line":52,"column":57}},"12":{"start":{"line":53,"column":4},"end":{"line":53,"column":20}},"13":{"start":{"line":57,"column":34},"end":{"line":64,"column":6}},"14":{"start":{"line":65,"column":4},"end":{"line":65,"column":20}},"15":{"start":{"line":69,"column":29},"end":{"line":73,"column":6}},"16":{"start":{"line":74,"column":4},"end":{"line":74,"column":20}},"17":{"start":{"line":81,"column":34},"end":{"line":88,"column":6}},"18":{"start":{"line":89,"column":4},"end":{"line":89,"column":20}},"19":{"start":{"line":93,"column":0},"end":{"line":93,"column":30}}},"fnMap":{"0":{"name":"(anonymous_7)","decl":{"start":{"line":8,"column":8},"end":{"line":8,"column":18}},"loc":{"start":{"line":8,"column":45},"end":{"line":20,"column":null}}},"1":{"name":"(anonymous_9)","decl":{"start":{"line":22,"column":8},"end":{"line":22,"column":18}},"loc":{"start":{"line":22,"column":45},"end":{"line":30,"column":null}}},"2":{"name":"(anonymous_11)","decl":{"start":{"line":32,"column":8},"end":{"line":32,"column":19}},"loc":{"start":{"line":32,"column":30},"end":{"line":40,"column":null}}},"3":{"name":"(anonymous_13)","decl":{"start":{"line":42,"column":8},"end":{"line":42,"column":22}},"loc":{"start":{"line":42,"column":36},"end":{"line":49,"column":null}}},"4":{"name":"(anonymous_15)","decl":{"start":{"line":51,"column":8},"end":{"line":51,"column":19}},"loc":{"start":{"line":51,"column":19},"end":{"line":54,"column":null}}},"5":{"name":"(anonymous_17)","decl":{"start":{"line":56,"column":8},"end":{"line":56,"column":22}},"loc":{"start":{"line":56,"column":44},"end":{"line":66,"column":null}}},"6":{"name":"(anonymous_19)","decl":{"start":{"line":68,"column":8},"end":{"line":68,"column":29}},"loc":{"start":{"line":68,"column":29},"end":{"line":75,"column":null}}},"7":{"name":"(anonymous_21)","decl":{"start":{"line":77,"column":8},"end":{"line":77,"column":18}},"loc":{"start":{"line":79,"column":30},"end":{"line":90,"column":null}}}},"branchMap":{},"s":{"0":2,"1":2,"2":0,"3":0,"4":0,"5":0,"6":0,"7":0,"8":0,"9":0,"10":0,"11":0,"12":0,"13":0,"14":0,"15":0,"16":0,"17":0,"18":0,"19":2},"f":{"0":0,"1":0,"2":0,"3":0,"4":0,"5":0,"6":0,"7":0},"b":{}}
,"E:\\FullStackProject\\CRM APP\\CRM-BE\\src\\services\\ticket_service.ts": {"path":"E:\\FullStackProject\\CRM APP\\CRM-BE\\src\\services\\ticket_service.ts","statementMap":{"0":{"start":{"line":5,"column":0},"end":{"line":5,"column":47}},"1":{"start":{"line":7,"column":0},"end":{"line":7,"column":60}},"2":{"start":{"line":8,"column":0},"end":{"line":8,"column":52}},"3":{"start":{"line":18,"column":4},"end":{"line":18,"column":45}},"4":{"start":{"line":19,"column":4},"end":{"line":19,"column":41}},"5":{"start":{"line":25,"column":4},"end":{"line":66,"column":5}},"6":{"start":{"line":26,"column":24},"end":{"line":26,"column":65}},"7":{"start":{"line":27,"column":6},"end":{"line":29,"column":7}},"8":{"start":{"line":28,"column":8},"end":{"line":28,"column":50}},"9":{"start":{"line":30,"column":34},"end":{"line":32,"column":58}},"10":{"start":{"line":32,"column":29},"end":{"line":32,"column":57}},"11":{"start":{"line":33,"column":26},"end":{"line":34,"column":null}},"12":{"start":{"line":36,"column":23},"end":{"line":36,"column":55}},"13":{"start":{"line":38,"column":6},"end":{"line":38,"column":47}},"14":{"start":{"line":39,"column":6},"end":{"line":39,"column":48}},"15":{"start":{"line":40,"column":6},"end":{"line":40,"column":48}},"16":{"start":{"line":42,"column":31},"end":{"line":43,"column":null}},"17":{"start":{"line":46,"column":6},"end":{"line":48,"column":9}},"18":{"start":{"line":50,"column":6},"end":{"line":52,"column":9}},"19":{"start":{"line":54,"column":6},"end":{"line":60,"column":8}},"20":{"start":{"line":62,"column":6},"end":{"line":62,"column":22}},"21":{"start":{"line":64,"column":6},"end":{"line":64,"column":25}},"22":{"start":{"line":65,"column":6},"end":{"line":65,"column":18}},"23":{"start":{"line":75,"column":4},"end":{"line":114,"column":5}},"24":{"start":{"line":76,"column":21},"end":{"line":76,"column":62}},"25":{"start":{"line":77,"column":6},"end":{"line":79,"column":7}},"26":{"start":{"line":78,"column":8},"end":{"line":78,"column":52}},"27":{"start":{"line":80,"column":6},"end":{"line":84,"column":7}},"28":{"start":{"line":81,"column":8},"end":{"line":81,"column":56}},"29":{"start":{"line":83,"column":8},"end":{"line":83,"column":38}},"30":{"start":{"line":86,"column":31},"end":{"line":88,"column":null}},"31":{"start":{"line":92,"column":6},"end":{"line":108,"column":7}},"32":{"start":{"line":97,"column":24},"end":{"line":97,"column":82}},"33":{"start":{"line":98,"column":8},"end":{"line":107,"column":9}},"34":{"start":{"line":99,"column":10},"end":{"line":106,"column":12}},"35":{"start":{"line":110,"column":6},"end":{"line":110,"column":22}},"36":{"start":{"line":112,"column":6},"end":{"line":112,"column":25}},"37":{"start":{"line":113,"column":6},"end":{"line":113,"column":18}},"38":{"start":{"line":118,"column":4},"end":{"line":124,"column":5}},"39":{"start":{"line":119,"column":23},"end":{"line":119,"column":72}},"40":{"start":{"line":120,"column":6},"end":{"line":120,"column":22}},"41":{"start":{"line":122,"column":6},"end":{"line":122,"column":25}},"42":{"start":{"line":123,"column":6},"end":{"line":123,"column":18}},"43":{"start":{"line":128,"column":4},"end":{"line":141,"column":5}},"44":{"start":{"line":129,"column":23},"end":{"line":129,"column":64}},"45":{"start":{"line":130,"column":6},"end":{"line":132,"column":7}},"46":{"start":{"line":131,"column":8},"end":{"line":131,"column":50}},"47":{"start":{"line":133,"column":24},"end":{"line":133,"column":48}},"48":{"start":{"line":134,"column":28},"end":{"line":135,"column":null}},"49":{"start":{"line":137,"column":6},"end":{"line":137,"column":27}},"50":{"start":{"line":139,"column":6},"end":{"line":139,"column":25}},"51":{"start":{"line":140,"column":6},"end":{"line":140,"column":18}},"52":{"start":{"line":145,"column":4},"end":{"line":160,"column":5}},"53":{"start":{"line":146,"column":19},"end":{"line":146,"column":60}},"54":{"start":{"line":148,"column":6},"end":{"line":150,"column":7}},"55":{"start":{"line":149,"column":8},"end":{"line":149,"column":50}},"56":{"start":{"line":152,"column":28},"end":{"line":153,"column":null}},"57":{"start":{"line":156,"column":6},"end":{"line":156,"column":27}},"58":{"start":{"line":158,"column":6},"end":{"line":158,"column":25}},"59":{"start":{"line":159,"column":6},"end":{"line":159,"column":18}},"60":{"start":{"line":164,"column":4},"end":{"line":170,"column":5}},"61":{"start":{"line":165,"column":23},"end":{"line":165,"column":66}},"62":{"start":{"line":166,"column":6},"end":{"line":166,"column":22}},"63":{"start":{"line":168,"column":6},"end":{"line":168,"column":25}},"64":{"start":{"line":169,"column":6},"end":{"line":169,"column":18}},"65":{"start":{"line":174,"column":4},"end":{"line":211,"column":5}},"66":{"start":{"line":175,"column":21},"end":{"line":175,"column":68}},"67":{"start":{"line":176,"column":6},"end":{"line":178,"column":7}},"68":{"start":{"line":177,"column":8},"end":{"line":177,"column":58}},"69":{"start":{"line":180,"column":6},"end":{"line":182,"column":7}},"70":{"start":{"line":181,"column":8},"end":{"line":181,"column":38}},"71":{"start":{"line":184,"column":23},"end":{"line":184,"column":73}},"72":{"start":{"line":187,"column":23},"end":{"line":188,"column":null}},"73":{"start":{"line":190,"column":19},"end":{"line":190,"column":77}},"74":{"start":{"line":192,"column":6},"end":{"line":194,"column":7}},"75":{"start":{"line":193,"column":8},"end":{"line":193,"column":65}},"76":{"start":{"line":196,"column":6},"end":{"line":200,"column":9}},"77":{"start":{"line":198,"column":22},"end":{"line":198,"column":40}},"78":{"start":{"line":201,"column":6},"end":{"line":205,"column":9}},"79":{"start":{"line":203,"column":22},"end":{"line":203,"column":40}},"80":{"start":{"line":207,"column":6},"end":{"line":207,"column":22}},"81":{"start":{"line":209,"column":6},"end":{"line":209,"column":25}},"82":{"start":{"line":210,"column":6},"end":{"line":210,"column":18}},"83":{"start":{"line":215,"column":0},"end":{"line":215,"column":29}}},"fnMap":{"0":{"name":"(anonymous_8)","decl":{"start":{"line":14,"column":2},"end":{"line":14,"column":null}},"loc":{"start":{"line":16,"column":34},"end":{"line":20,"column":3}}},"1":{"name":"(anonymous_9)","decl":{"start":{"line":21,"column":8},"end":{"line":21,"column":20}},"loc":{"start":{"line":23,"column":14},"end":{"line":67,"column":null}}},"2":{"name":"(anonymous_11)","decl":{"start":{"line":32,"column":15},"end":{"line":32,"column":16}},"loc":{"start":{"line":32,"column":29},"end":{"line":32,"column":57}}},"3":{"name":"(anonymous_12)","decl":{"start":{"line":69,"column":8},"end":{"line":69,"column":20}},"loc":{"start":{"line":73,"column":34},"end":{"line":115,"column":null}}},"4":{"name":"(anonymous_14)","decl":{"start":{"line":117,"column":8},"end":{"line":117,"column":35}},"loc":{"start":{"line":117,"column":35},"end":{"line":125,"column":null}}},"5":{"name":"(anonymous_16)","decl":{"start":{"line":127,"column":8},"end":{"line":127,"column":28}},"loc":{"start":{"line":127,"column":39},"end":{"line":142,"column":null}}},"6":{"name":"(anonymous_18)","decl":{"start":{"line":144,"column":8},"end":{"line":144,"column":27}},"loc":{"start":{"line":144,"column":38},"end":{"line":161,"column":null}}},"7":{"name":"(anonymous_20)","decl":{"start":{"line":163,"column":8},"end":{"line":163,"column":29}},"loc":{"start":{"line":163,"column":29},"end":{"line":171,"column":null}}},"8":{"name":"(anonymous_22)","decl":{"start":{"line":173,"column":8},"end":{"line":173,"column":20}},"loc":{"start":{"line":173,"column":66},"end":{"line":212,"column":null}}},"9":{"name":"(anonymous_24)","decl":{"start":{"line":198,"column":10},"end":{"line":198,"column":11}},"loc":{"start":{"line":198,"column":22},"end":{"line":198,"column":40}}},"10":{"name":"(anonymous_25)","decl":{"start":{"line":203,"column":10},"end":{"line":203,"column":11}},"loc":{"start":{"line":203,"column":22},"end":{"line":203,"column":40}}}},"branchMap":{"0":{"loc":{"start":{"line":27,"column":6},"end":{"line":29,"column":7}},"type":"if","locations":[{"start":{"line":27,"column":6},"end":{"line":29,"column":7}}]},"1":{"loc":{"start":{"line":77,"column":6},"end":{"line":79,"column":7}},"type":"if","locations":[{"start":{"line":77,"column":6},"end":{"line":79,"column":7}}]},"2":{"loc":{"start":{"line":80,"column":6},"end":{"line":84,"column":7}},"type":"if","locations":[{"start":{"line":80,"column":6},"end":{"line":84,"column":7}}]},"3":{"loc":{"start":{"line":80,"column":10},"end":{"line":80,"column":59}},"type":"binary-expr","locations":[{"start":{"line":80,"column":10},"end":{"line":80,"column":40}},{"start":{"line":80,"column":44},"end":{"line":80,"column":59}}]},"4":{"loc":{"start":{"line":92,"column":6},"end":{"line":108,"column":7}},"type":"if","locations":[{"start":{"line":92,"column":6},"end":{"line":108,"column":7}}]},"5":{"loc":{"start":{"line":93,"column":8},"end":{"line":94,"column":39}},"type":"binary-expr","locations":[{"start":{"line":93,"column":8},"end":{"line":93,"column":38}},{"start":{"line":94,"column":8},"end":{"line":94,"column":39}}]},"6":{"loc":{"start":{"line":98,"column":8},"end":{"line":107,"column":9}},"type":"if","locations":[{"start":{"line":98,"column":8},"end":{"line":107,"column":9}}]},"7":{"loc":{"start":{"line":130,"column":6},"end":{"line":132,"column":7}},"type":"if","locations":[{"start":{"line":130,"column":6},"end":{"line":132,"column":7}}]},"8":{"loc":{"start":{"line":148,"column":6},"end":{"line":150,"column":7}},"type":"if","locations":[{"start":{"line":148,"column":6},"end":{"line":150,"column":7}}]},"9":{"loc":{"start":{"line":176,"column":6},"end":{"line":178,"column":7}},"type":"if","locations":[{"start":{"line":176,"column":6},"end":{"line":178,"column":7}}]},"10":{"loc":{"start":{"line":180,"column":6},"end":{"line":182,"column":7}},"type":"if","locations":[{"start":{"line":180,"column":6},"end":{"line":182,"column":7}}]},"11":{"loc":{"start":{"line":180,"column":10},"end":{"line":180,"column":55}},"type":"binary-expr","locations":[{"start":{"line":180,"column":10},"end":{"line":180,"column":25}},{"start":{"line":180,"column":29},"end":{"line":180,"column":55}}]},"12":{"loc":{"start":{"line":192,"column":6},"end":{"line":194,"column":7}},"type":"if","locations":[{"start":{"line":192,"column":6},"end":{"line":194,"column":7}}]},"13":{"loc":{"start":{"line":192,"column":10},"end":{"line":192,"column":28}},"type":"binary-expr","locations":[{"start":{"line":192,"column":10},"end":{"line":192,"column":19}},{"start":{"line":192,"column":23},"end":{"line":192,"column":28}}]}},"s":{"0":1,"1":1,"2":1,"3":10,"4":10,"5":2,"6":2,"7":2,"8":1,"9":1,"10":1,"11":1,"12":1,"13":1,"14":1,"15":1,"16":1,"17":1,"18":1,"19":1,"20":1,"21":1,"22":1,"23":3,"24":3,"25":3,"26":1,"27":2,"28":1,"29":1,"30":1,"31":1,"32":1,"33":1,"34":1,"35":1,"36":2,"37":2,"38":1,"39":1,"40":1,"41":0,"42":0,"43":2,"44":2,"45":2,"46":1,"47":1,"48":1,"49":1,"50":1,"51":1,"52":0,"53":0,"54":0,"55":0,"56":0,"57":0,"58":0,"59":0,"60":0,"61":0,"62":0,"63":0,"64":0,"65":3,"66":3,"67":3,"68":1,"69":2,"70":1,"71":1,"72":1,"73":1,"74":1,"75":0,"76":1,"77":1,"78":1,"79":1,"80":1,"81":2,"82":2,"83":1},"f":{"0":10,"1":2,"2":1,"3":3,"4":1,"5":2,"6":0,"7":0,"8":3,"9":1,"10":1},"b":{"0":[1],"1":[1],"2":[1],"3":[2,2],"4":[1],"5":[1,0],"6":[1],"7":[1],"8":[0],"9":[1],"10":[1],"11":[2,1],"12":[0],"13":[1,1]}}
,"E:\\FullStackProject\\CRM APP\\CRM-BE\\src\\services\\user_service.ts": {"path":"E:\\FullStackProject\\CRM APP\\CRM-BE\\src\\services\\user_service.ts","statementMap":{"0":{"start":{"line":5,"column":0},"end":{"line":5,"column":30}},"1":{"start":{"line":6,"column":0},"end":{"line":6,"column":45}},"2":{"start":{"line":7,"column":0},"end":{"line":7,"column":44}},"3":{"start":{"line":8,"column":0},"end":{"line":8,"column":47}},"4":{"start":{"line":9,"column":0},"end":{"line":9,"column":60}},"5":{"start":{"line":15,"column":4},"end":{"line":15,"column":41}},"6":{"start":{"line":18,"column":4},"end":{"line":27,"column":5}},"7":{"start":{"line":19,"column":36},"end":{"line":19,"column":77}},"8":{"start":{"line":20,"column":6},"end":{"line":22,"column":7}},"9":{"start":{"line":21,"column":8},"end":{"line":21,"column":42}},"10":{"start":{"line":23,"column":6},"end":{"line":23,"column":22}},"11":{"start":{"line":25,"column":6},"end":{"line":25,"column":25}},"12":{"start":{"line":26,"column":6},"end":{"line":26,"column":18}},"13":{"start":{"line":31,"column":4},"end":{"line":37,"column":5}},"14":{"start":{"line":32,"column":31},"end":{"line":32,"column":70}},"15":{"start":{"line":33,"column":6},"end":{"line":33,"column":22}},"16":{"start":{"line":35,"column":6},"end":{"line":35,"column":25}},"17":{"start":{"line":36,"column":6},"end":{"line":36,"column":18}},"18":{"start":{"line":41,"column":4},"end":{"line":50,"column":5}},"19":{"start":{"line":42,"column":25},"end":{"line":42,"column":56}},"20":{"start":{"line":43,"column":6},"end":{"line":43,"column":79}},"21":{"start":{"line":45,"column":29},"end":{"line":45,"column":78}},"22":{"start":{"line":46,"column":6},"end":{"line":46,"column":22}},"23":{"start":{"line":48,"column":6},"end":{"line":48,"column":25}},"24":{"start":{"line":49,"column":6},"end":{"line":49,"column":18}},"25":{"start":{"line":54,"column":4},"end":{"line":86,"column":5}},"26":{"start":{"line":55,"column":23},"end":{"line":55,"column":72}},"27":{"start":{"line":56,"column":6},"end":{"line":58,"column":7}},"28":{"start":{"line":57,"column":8},"end":{"line":57,"column":68}},"29":{"start":{"line":59,"column":30},"end":{"line":61,"column":null}},"30":{"start":{"line":64,"column":6},"end":{"line":66,"column":7}},"31":{"start":{"line":65,"column":8},"end":{"line":65,"column":38}},"32":{"start":{"line":68,"column":28},"end":{"line":72,"column":8}},"33":{"start":{"line":73,"column":18},"end":{"line":81,"column":8}},"34":{"start":{"line":82,"column":6},"end":{"line":82,"column":17}},"35":{"start":{"line":84,"column":6},"end":{"line":84,"column":25}},"36":{"start":{"line":85,"column":6},"end":{"line":85,"column":18}},"37":{"start":{"line":90,"column":4},"end":{"line":99,"column":5}},"38":{"start":{"line":91,"column":36},"end":{"line":93,"column":null}},"39":{"start":{"line":95,"column":6},"end":{"line":95,"column":22}},"40":{"start":{"line":97,"column":6},"end":{"line":97,"column":25}},"41":{"start":{"line":98,"column":6},"end":{"line":98,"column":18}},"42":{"start":{"line":103,"column":0},"end":{"line":103,"column":27}}},"fnMap":{"0":{"name":"(anonymous_8)","decl":{"start":{"line":14,"column":2},"end":{"line":14,"column":14}},"loc":{"start":{"line":14,"column":44},"end":{"line":16,"column":3}}},"1":{"name":"(anonymous_9)","decl":{"start":{"line":17,"column":8},"end":{"line":17,"column":19}},"loc":{"start":{"line":17,"column":30},"end":{"line":28,"column":null}}},"2":{"name":"(anonymous_11)","decl":{"start":{"line":30,"column":8},"end":{"line":30,"column":19}},"loc":{"start":{"line":30,"column":19},"end":{"line":38,"column":null}}},"3":{"name":"(anonymous_13)","decl":{"start":{"line":40,"column":8},"end":{"line":40,"column":18}},"loc":{"start":{"line":40,"column":45},"end":{"line":51,"column":null}}},"4":{"name":"(anonymous_15)","decl":{"start":{"line":53,"column":8},"end":{"line":53,"column":18}},"loc":{"start":{"line":53,"column":45},"end":{"line":87,"column":null}}},"5":{"name":"(anonymous_17)","decl":{"start":{"line":89,"column":8},"end":{"line":89,"column":22}},"loc":{"start":{"line":89,"column":44},"end":{"line":100,"column":null}}}},"branchMap":{"0":{"loc":{"start":{"line":20,"column":6},"end":{"line":22,"column":7}},"type":"if","locations":[{"start":{"line":20,"column":6},"end":{"line":22,"column":7}}]},"1":{"loc":{"start":{"line":56,"column":6},"end":{"line":58,"column":7}},"type":"if","locations":[{"start":{"line":56,"column":6},"end":{"line":58,"column":7}}]},"2":{"loc":{"start":{"line":64,"column":6},"end":{"line":66,"column":7}},"type":"if","locations":[{"start":{"line":64,"column":6},"end":{"line":66,"column":7}}]}},"s":{"0":1,"1":1,"2":1,"3":1,"4":1,"5":4,"6":0,"7":0,"8":0,"9":0,"10":0,"11":0,"12":0,"13":0,"14":0,"15":0,"16":0,"17":0,"18":1,"19":1,"20":1,"21":1,"22":1,"23":0,"24":0,"25":3,"26":3,"27":3,"28":1,"29":2,"30":2,"31":1,"32":1,"33":1,"34":1,"35":2,"36":2,"37":0,"38":0,"39":0,"40":0,"41":0,"42":1},"f":{"0":4,"1":0,"2":0,"3":1,"4":3,"5":0},"b":{"0":[0],"1":[1],"2":[1]}}
,"E:\\FullStackProject\\CRM APP\\CRM-BE\\src\\utils\\auth.ts": {"path":"E:\\FullStackProject\\CRM APP\\CRM-BE\\src\\utils\\auth.ts","statementMap":{"0":{"start":{"line":1,"column":0},"end":{"line":1,"column":31}},"1":{"start":{"line":2,"column":0},"end":{"line":2,"column":45}},"2":{"start":{"line":6,"column":17},"end":{"line":6,"column":45}},"3":{"start":{"line":7,"column":20},"end":{"line":7,"column":37}},"4":{"start":{"line":10,"column":19},"end":{"line":10,"column":26}},"5":{"start":{"line":11,"column":2},"end":{"line":13,"column":3}},"6":{"start":{"line":12,"column":4},"end":{"line":12,"column":53}},"7":{"start":{"line":16,"column":2},"end":{"line":24,"column":3}},"8":{"start":{"line":21,"column":4},"end":{"line":21,"column":55}},"9":{"start":{"line":23,"column":4},"end":{"line":23,"column":40}},"10":{"start":{"line":5,"column":0},"end":{"line":5,"column":16}},"11":{"start":{"line":28,"column":17},"end":{"line":28,"column":45}},"12":{"start":{"line":29,"column":2},"end":{"line":29,"column":35}},"13":{"start":{"line":27,"column":0},"end":{"line":27,"column":16}}},"fnMap":{"0":{"name":"generateJWT","decl":{"start":{"line":5,"column":16},"end":{"line":5,"column":27}},"loc":{"start":{"line":5,"column":61},"end":{"line":25,"column":1}}},"1":{"name":"verifyJWT","decl":{"start":{"line":27,"column":16},"end":{"line":27,"column":25}},"loc":{"start":{"line":27,"column":39},"end":{"line":30,"column":1}}}},"branchMap":{"0":{"loc":{"start":{"line":6,"column":17},"end":{"line":6,"column":45}},"type":"binary-expr","locations":[{"start":{"line":6,"column":17},"end":{"line":6,"column":34}},{"start":{"line":6,"column":38},"end":{"line":6,"column":45}}]},"1":{"loc":{"start":{"line":11,"column":2},"end":{"line":13,"column":3}},"type":"if","locations":[{"start":{"line":11,"column":2},"end":{"line":13,"column":3}}]},"2":{"loc":{"start":{"line":11,"column":6},"end":{"line":11,"column":85}},"type":"binary-expr","locations":[{"start":{"line":11,"column":6},"end":{"line":11,"column":33}},{"start":{"line":11,"column":37},"end":{"line":11,"column":53}},{"start":{"line":11,"column":57},"end":{"line":11,"column":85}}]},"3":{"loc":{"start":{"line":16,"column":2},"end":{"line":24,"column":3}},"type":"if","locations":[{"start":{"line":16,"column":2},"end":{"line":24,"column":3}},{"start":{"line":22,"column":9},"end":{"line":24,"column":3}}]},"4":{"loc":{"start":{"line":17,"column":4},"end":{"line":18,"column":33}},"type":"binary-expr","locations":[{"start":{"line":17,"column":5},"end":{"line":17,"column":34}},{"start":{"line":17,"column":38},"end":{"line":17,"column":79}},{"start":{"line":18,"column":4},"end":{"line":18,"column":33}}]},"5":{"loc":{"start":{"line":28,"column":17},"end":{"line":28,"column":45}},"type":"binary-expr","locations":[{"start":{"line":28,"column":17},"end":{"line":28,"column":34}},{"start":{"line":28,"column":38},"end":{"line":28,"column":45}}]}},"s":{"0":1,"1":1,"2":0,"3":0,"4":0,"5":0,"6":0,"7":0,"8":0,"9":0,"10":1,"11":0,"12":0,"13":1},"f":{"0":0,"1":0},"b":{"0":[0,0],"1":[0],"2":[0,0,0],"3":[0,0],"4":[0,0,0],"5":[0,0]}}
}
