TN:
SF:src\config\email_config.ts
FNF:0
FNH:0
DA:1,1
DA:2,1
DA:3,1
DA:5,1
DA:13,1
LF:5
LH:5
BRF:0
BRH:0
end_of_record
TN:
SF:src\config\server_config.ts
FNF:0
FNH:0
DA:1,2
DA:3,2
DA:5,2
LF:3
LH:3
BRDA:6,0,0,2
BRDA:6,0,1,0
BRDA:7,1,0,0
BRDA:7,1,1,2
BRDA:9,2,0,0
BRDA:9,2,1,2
BRDA:11,3,0,2
BRDA:11,3,1,0
BRDA:12,4,0,2
BRDA:12,4,1,0
BRF:10
BRH:5
end_of_record
TN:
SF:src\dtos\createUser_DTO.ts
FN:18,(anonymous_1)
FNF:1
FNH:1
FNDA:1,(anonymous_1)
DA:1,1
DA:7,1
DA:11,1
DA:16,1
DA:19,1
DA:20,1
DA:21,1
DA:25,1
LF:8
LH:8
BRF:0
BRH:0
end_of_record
TN:
SF:src\dtos\signinUser_DTO.ts
FN:14,(anonymous_1)
FNF:1
FNH:1
FNDA:3,(anonymous_1)
DA:1,1
DA:7,1
DA:12,1
DA:15,3
DA:16,3
DA:20,1
LF:6
LH:6
BRF:0
BRH:0
end_of_record
TN:
SF:src\errors\genericError.ts
FN:6,(anonymous_0)
FNF:1
FNH:1
FNDA:8,(anonymous_0)
DA:1,2
DA:12,8
DA:13,8
DA:14,8
DA:15,8
DA:16,8
LF:6
LH:6
BRF:0
BRH:0
end_of_record
TN:
SF:src\errors\notFound.ts
FN:5,(anonymous_1)
FNF:1
FNH:1
FNDA:5,(anonymous_1)
DA:1,2
DA:2,2
DA:4,2
DA:6,5
DA:7,5
LF:5
LH:5
BRF:0
BRH:0
end_of_record
TN:
SF:src\errors\unauthorisedError.ts
FN:5,(anonymous_1)
FNF:1
FNH:1
FNDA:3,(anonymous_1)
DA:1,2
DA:2,2
DA:4,2
DA:6,3
DA:9,3
LF:5
LH:5
BRDA:6,0,0,0
BRDA:6,0,1,3
BRF:2
BRH:1
end_of_record
TN:
SF:src\mailers\ticket_mailer.ts
FNF:0
FNH:0
DA:1,1
DA:2,1
DA:4,1
DA:12,2
DA:13,2
DA:14,2
DA:16,2
DA:17,2
DA:18,1
DA:19,1
DA:20,0
DA:22,1
DA:25,2
DA:64,1
DA:65,0
DA:68,0
DA:69,0
LF:17
LH:13
BRDA:17,0,0,1
BRDA:17,0,1,1
BRDA:19,1,0,0
BRDA:19,1,1,1
BRDA:29,2,0,2
BRDA:29,2,1,0
BRDA:31,3,0,1
BRDA:31,3,1,1
BRDA:31,4,0,0
BRDA:31,4,1,1
BRDA:40,5,0,2
BRDA:40,5,1,0
BRDA:64,6,0,0
BRDA:68,7,0,0
BRF:14
BRH:8
end_of_record
TN:
SF:src\repositories\ticket_repository.ts
FN:8,(anonymous_7)
FN:17,(anonymous_9)
FN:26,(anonymous_11)
FN:31,(anonymous_13)
FN:40,(anonymous_15)
FN:58,(anonymous_17)
FNF:6
FNH:0
FNDA:0,(anonymous_7)
FNDA:0,(anonymous_9)
FNDA:0,(anonymous_11)
FNDA:0,(anonymous_13)
FNDA:0,(anonymous_15)
FNDA:0,(anonymous_17)
DA:1,1
DA:5,1
DA:9,0
DA:14,0
DA:18,0
DA:23,0
DA:27,0
DA:28,0
DA:32,0
DA:37,0
DA:45,0
DA:46,0
DA:47,0
DA:49,0
DA:55,0
DA:59,0
DA:60,0
DA:67,0
DA:69,0
DA:70,0
DA:75,1
LF:21
LH:3
BRDA:46,0,0,0
BRDA:46,1,0,0
BRDA:46,1,1,0
BRF:3
BRH:0
end_of_record
TN:
SF:src\repositories\user_repository.ts
FN:8,(anonymous_7)
FN:22,(anonymous_9)
FN:32,(anonymous_11)
FN:42,(anonymous_13)
FN:51,(anonymous_15)
FN:56,(anonymous_17)
FN:68,(anonymous_19)
FN:77,(anonymous_21)
FNF:8
FNH:0
FNDA:0,(anonymous_7)
FNDA:0,(anonymous_9)
FNDA:0,(anonymous_11)
FNDA:0,(anonymous_13)
FNDA:0,(anonymous_15)
FNDA:0,(anonymous_17)
FNDA:0,(anonymous_19)
FNDA:0,(anonymous_21)
DA:1,2
DA:5,2
DA:9,0
DA:19,0
DA:23,0
DA:28,0
DA:29,0
DA:33,0
DA:39,0
DA:43,0
DA:48,0
DA:52,0
DA:53,0
DA:57,0
DA:65,0
DA:69,0
DA:74,0
DA:81,0
DA:89,0
DA:93,2
LF:20
LH:3
BRF:0
BRH:0
end_of_record
TN:
SF:src\services\ticket_service.ts
FN:14,(anonymous_8)
FN:21,(anonymous_9)
FN:32,(anonymous_11)
FN:69,(anonymous_12)
FN:117,(anonymous_14)
FN:127,(anonymous_16)
FN:144,(anonymous_18)
FN:163,(anonymous_20)
FN:173,(anonymous_22)
FN:198,(anonymous_24)
FN:203,(anonymous_25)
FNF:11
FNH:9
FNDA:10,(anonymous_8)
FNDA:2,(anonymous_9)
FNDA:1,(anonymous_11)
FNDA:3,(anonymous_12)
FNDA:1,(anonymous_14)
FNDA:2,(anonymous_16)
FNDA:0,(anonymous_18)
FNDA:0,(anonymous_20)
FNDA:3,(anonymous_22)
FNDA:1,(anonymous_24)
FNDA:1,(anonymous_25)
DA:5,1
DA:7,1
DA:8,1
DA:18,10
DA:19,10
DA:25,2
DA:26,2
DA:27,2
DA:28,1
DA:30,1
DA:32,1
DA:33,1
DA:36,1
DA:38,1
DA:39,1
DA:40,1
DA:42,1
DA:46,1
DA:50,1
DA:54,1
DA:62,1
DA:64,1
DA:65,1
DA:75,3
DA:76,3
DA:77,3
DA:78,1
DA:80,2
DA:81,1
DA:83,1
DA:86,1
DA:92,1
DA:97,1
DA:98,1
DA:99,1
DA:110,1
DA:112,2
DA:113,2
DA:118,1
DA:119,1
DA:120,1
DA:122,0
DA:123,0
DA:128,2
DA:129,2
DA:130,2
DA:131,1
DA:133,1
DA:134,1
DA:137,1
DA:139,1
DA:140,1
DA:145,0
DA:146,0
DA:148,0
DA:149,0
DA:152,0
DA:156,0
DA:158,0
DA:159,0
DA:164,0
DA:165,0
DA:166,0
DA:168,0
DA:169,0
DA:174,3
DA:175,3
DA:176,3
DA:177,1
DA:180,2
DA:181,1
DA:184,1
DA:187,1
DA:190,1
DA:192,1
DA:193,0
DA:196,1
DA:198,1
DA:201,1
DA:203,1
DA:207,1
DA:209,2
DA:210,2
DA:215,1
LF:84
LH:68
BRDA:27,0,0,1
BRDA:77,1,0,1
BRDA:80,2,0,1
BRDA:80,3,0,2
BRDA:80,3,1,2
BRDA:92,4,0,1
BRDA:93,5,0,1
BRDA:93,5,1,0
BRDA:98,6,0,1
BRDA:130,7,0,1
BRDA:148,8,0,0
BRDA:176,9,0,1
BRDA:180,10,0,1
BRDA:180,11,0,2
BRDA:180,11,1,1
BRDA:192,12,0,0
BRDA:192,13,0,1
BRDA:192,13,1,1
BRF:18
BRH:15
end_of_record
TN:
SF:src\services\user_service.ts
FN:14,(anonymous_8)
FN:17,(anonymous_9)
FN:30,(anonymous_11)
FN:40,(anonymous_13)
FN:53,(anonymous_15)
FN:89,(anonymous_17)
FNF:6
FNH:3
FNDA:4,(anonymous_8)
FNDA:0,(anonymous_9)
FNDA:0,(anonymous_11)
FNDA:1,(anonymous_13)
FNDA:3,(anonymous_15)
FNDA:0,(anonymous_17)
DA:5,1
DA:6,1
DA:7,1
DA:8,1
DA:9,1
DA:15,4
DA:18,0
DA:19,0
DA:20,0
DA:21,0
DA:23,0
DA:25,0
DA:26,0
DA:31,0
DA:32,0
DA:33,0
DA:35,0
DA:36,0
DA:41,1
DA:42,1
DA:43,1
DA:45,1
DA:46,1
DA:48,0
DA:49,0
DA:54,3
DA:55,3
DA:56,3
DA:57,1
DA:59,2
DA:64,2
DA:65,1
DA:68,1
DA:73,1
DA:82,1
DA:84,2
DA:85,2
DA:90,0
DA:91,0
DA:95,0
DA:97,0
DA:98,0
DA:103,1
LF:43
LH:24
BRDA:20,0,0,0
BRDA:56,1,0,1
BRDA:64,2,0,1
BRF:3
BRH:2
end_of_record
TN:
SF:src\utils\auth.ts
FN:5,generateJWT
FN:27,verifyJWT
FNF:2
FNH:0
FNDA:0,generateJWT
FNDA:0,verifyJWT
DA:1,1
DA:2,1
DA:5,1
DA:6,0
DA:7,0
DA:10,0
DA:11,0
DA:12,0
DA:16,0
DA:21,0
DA:23,0
DA:27,1
DA:28,0
DA:29,0
LF:14
LH:4
BRDA:6,0,0,0
BRDA:6,0,1,0
BRDA:11,1,0,0
BRDA:11,2,0,0
BRDA:11,2,1,0
BRDA:11,2,2,0
BRDA:16,3,0,0
BRDA:16,3,1,0
BRDA:17,4,0,0
BRDA:17,4,1,0
BRDA:17,4,2,0
BRDA:28,5,0,0
BRDA:28,5,1,0
BRF:13
BRH:0
end_of_record
